<?xml version="1.0" encoding="UTF-8"?>
<!-- Generated by org.testng.reporters.JUnitXMLReporter -->
<testsuite hostname="LAPTOP-9F5ANEPK" ignored="0" name="TestNG" tests="3" failures="0" timestamp="2020-07-26T22:46:53 BST" time="37.664" errors="0">
  <testcase name="browserTest3" time="28.979" classname="Learnselenium.BrowserTest3"/>
  <testcase name="browserTest2" time="29.304" classname="Learnselenium.BrowserTest2"/>
  <testcase name="ttt" time="37.609" classname="Learnselenium.BrowserTest"/>
</testsuite> <!-- TestNG -->
